TN:
SF:script/Counter.s.sol
FN:7,CounterScript.setUp
FNDA:0,CounterScript.setUp
FN:9,CounterScript.run
FNDA:0,CounterScript.run
DA:10,0
FNF:2
FNH:0
LF:1
LH:0
BRF:0
BRH:0
end_of_record
TN:
SF:src/VickreyAuction.sol
FN:25,VickreyAuction.createAuction
FNDA:7,VickreyAuction.createAuction
DA:32,7
BRDA:32,0,0,-
BRDA:32,0,1,7
DA:33,7
BRDA:33,1,0,-
BRDA:33,1,1,7
DA:34,7
BRDA:34,2,0,-
BRDA:34,2,1,7
DA:36,7
DA:48,7
FN:51,VickreyAuction.commitBid
FNDA:4,VickreyAuction.commitBid
DA:52,4
DA:53,4
BRDA:53,3,0,-
BRDA:53,3,1,4
DA:55,4
DA:60,4
FN:63,VickreyAuction.revealBid
FNDA:4,VickreyAuction.revealBid
DA:64,4
DA:65,4
BRDA:65,4,0,-
BRDA:65,4,1,4
DA:67,4
DA:68,4
DA:70,4
BRDA:70,5,0,-
BRDA:70,5,1,4
DA:72,4
BRDA:72,6,0,4
BRDA:72,6,1,-
DA:73,4
DA:74,4
DA:75,4
DA:76,0
BRDA:76,7,0,-
BRDA:76,7,1,-
DA:77,0
DA:80,4
DA:81,4
FN:84,VickreyAuction.endAuction
FNDA:3,VickreyAuction.endAuction
DA:85,3
DA:86,3
BRDA:86,8,0,-
BRDA:86,8,1,3
DA:87,3
FN:90,VickreyAuction.withdrawCollateral
FNDA:0,VickreyAuction.withdrawCollateral
DA:91,0
DA:92,0
BRDA:92,9,0,-
BRDA:92,9,1,-
DA:93,0
BRDA:93,10,0,-
BRDA:93,10,1,-
DA:95,0
DA:96,0
DA:97,0
FN:100,VickreyAuction.getAuction
FNDA:8,VickreyAuction.getAuction
DA:101,8
FNF:6
FNH:5
LF:32
LH:24
BRF:22
BRH:8
end_of_record
